-encoding
UTF-8
-outxml
-source
1.6
-target
1.6
-classpath
/home/user/.m2/repository/antlr/antlr/2.7.6/antlr-2.7.6.jar:/home/user/.m2/repository/aopalliance/aopalliance/1.0/aopalliance-1.0.jar:/home/user/.m2/repository/cglib/cglib-nodep/2.2.2/cglib-nodep-2.2.2.jar:/home/user/.m2/repository/commons-beanutils/commons-beanutils/1.8.3/commons-beanutils-1.8.3.jar:/home/user/.m2/repository/commons-codec/commons-codec/1.5/commons-codec-1.5.jar:/home/user/.m2/repository/commons-collections/commons-collections/3.1/commons-collections-3.1.jar:/home/user/.m2/repository/commons-dbcp/commons-dbcp/1.3/commons-dbcp-1.3.jar:/home/user/.m2/repository/commons-digester/commons-digester/2.1/commons-digester-2.1.jar:/home/user/.m2/repository/commons-fileupload/commons-fileupload/1.2.2/commons-fileupload-1.2.2.jar:/home/user/.m2/repository/commons-pool/commons-pool/1.5.6/commons-pool-1.5.6.jar:/home/user/.m2/repository/dom4j/dom4j/1.6.1/dom4j-1.6.1.jar:/home/user/.m2/repository/javassist/javassist/3.12.0.GA/javassist-3.12.0.GA.jar:/home/user/.m2/repository/javax/activation/activation/1.1.1/activation-1.1.1.jar:/home/user/.m2/repository/javax/el/el-api/1.0/el-api-1.0.jar:/home/user/.m2/repository/javax/mail/mail/1.4.1/mail-1.4.1.jar:/home/user/.m2/repository/javax/servlet/servlet-api/2.5/servlet-api-2.5.jar:/home/user/.m2/repository/javax/servlet/jsp/jsp-api/2.1/jsp-api-2.1.jar:/home/user/.m2/repository/javax/servlet/jsp/jstl/jstl-api/1.2/jstl-api-1.2.jar:/home/user/.m2/repository/javax/transaction/jta/1.1/jta-1.1.jar:/home/user/.m2/repository/javax/validation/validation-api/1.0.0.GA/validation-api-1.0.0.GA.jar:/home/user/.m2/repository/joda-time/joda-time/1.6/joda-time-1.6.jar:/home/user/.m2/repository/log4j/log4j/1.2.16/log4j-1.2.16.jar:/home/user/.m2/repository/net/sf/flexjson/flexjson/2.1/flexjson-2.1.jar:/home/user/.m2/repository/net/tanesha/recaptcha4j/recaptcha4j/0.0.7/recaptcha4j-0.0.7.jar:/home/user/.m2/repository/org/apache/commons/commons-lang3/3.0.1/commons-lang3-3.0.1.jar:/home/user/.m2/repository/org/apache/tiles/tiles-api/2.2.2/tiles-api-2.2.2.jar:/home/user/.m2/repository/org/apache/tiles/tiles-core/2.2.2/tiles-core-2.2.2.jar:/home/user/.m2/repository/org/apache/tiles/tiles-jsp/2.2.2/tiles-jsp-2.2.2.jar:/home/user/.m2/repository/org/apache/tiles/tiles-servlet/2.2.2/tiles-servlet-2.2.2.jar:/home/user/.m2/repository/org/apache/tiles/tiles-template/2.2.2/tiles-template-2.2.2.jar:/home/user/.m2/repository/org/aspectj/aspectjrt/1.6.12.M2/aspectjrt-1.6.12.M2.jar:/home/user/.m2/repository/org/aspectj/aspectjweaver/1.6.12.M2/aspectjweaver-1.6.12.M2.jar:/home/user/.m2/repository/org/glassfish/web/jstl-impl/1.2/jstl-impl-1.2.jar:/home/user/.m2/repository/org/hibernate/hibernate-commons-annotations/3.2.0.Final/hibernate-commons-annotations-3.2.0.Final.jar:/home/user/.m2/repository/org/hibernate/hibernate-core/3.6.8.Final/hibernate-core-3.6.8.Final.jar:/home/user/.m2/repository/org/hibernate/hibernate-entitymanager/3.6.8.Final/hibernate-entitymanager-3.6.8.Final.jar:/home/user/.m2/repository/org/hibernate/hibernate-validator/4.2.0.Final/hibernate-validator-4.2.0.Final.jar:/home/user/.m2/repository/org/hibernate/javax/persistence/hibernate-jpa-2.0-api/1.0.1.Final/hibernate-jpa-2.0-api-1.0.1.Final.jar:/home/user/.m2/repository/org/slf4j/jcl-over-slf4j/1.6.2/jcl-over-slf4j-1.6.2.jar:/home/user/.m2/repository/org/slf4j/slf4j-api/1.6.2/slf4j-api-1.6.2.jar:/home/user/.m2/repository/org/slf4j/slf4j-log4j12/1.6.2/slf4j-log4j12-1.6.2.jar:/home/user/.m2/repository/org/springframework/spring-aop/3.1.0.RELEASE/spring-aop-3.1.0.RELEASE.jar:/home/user/.m2/repository/org/springframework/spring-asm/3.1.0.RELEASE/spring-asm-3.1.0.RELEASE.jar:/home/user/.m2/repository/org/springframework/spring-aspects/3.1.0.RELEASE/spring-aspects-3.1.0.RELEASE.jar:/home/user/.m2/repository/org/springframework/spring-beans/3.1.0.RELEASE/spring-beans-3.1.0.RELEASE.jar:/home/user/.m2/repository/org/springframework/spring-context/3.1.0.RELEASE/spring-context-3.1.0.RELEASE.jar:/home/user/.m2/repository/org/springframework/spring-context-support/3.1.0.RELEASE/spring-context-support-3.1.0.RELEASE.jar:/home/user/.m2/repository/org/springframework/spring-core/3.1.0.RELEASE/spring-core-3.1.0.RELEASE.jar:/home/user/.m2/repository/org/springframework/spring-expression/3.1.0.RELEASE/spring-expression-3.1.0.RELEASE.jar:/home/user/.m2/repository/org/springframework/spring-jdbc/3.1.0.RELEASE/spring-jdbc-3.1.0.RELEASE.jar:/home/user/.m2/repository/org/springframework/spring-orm/3.1.0.RELEASE/spring-orm-3.1.0.RELEASE.jar:/home/user/.m2/repository/org/springframework/spring-tx/3.1.0.RELEASE/spring-tx-3.1.0.RELEASE.jar:/home/user/.m2/repository/org/springframework/spring-web/3.1.0.RELEASE/spring-web-3.1.0.RELEASE.jar:/home/user/.m2/repository/org/springframework/spring-webmvc/3.1.0.RELEASE/spring-webmvc-3.1.0.RELEASE.jar:/home/user/.m2/repository/org/springframework/roo/org.springframework.roo.annotations/1.2.0.RELEASE/org.springframework.roo.annotations-1.2.0.RELEASE.jar:/home/user/.m2/repository/org/springframework/security/spring-security-acl/3.0.5.RELEASE/spring-security-acl-3.0.5.RELEASE.jar:/home/user/.m2/repository/org/springframework/security/spring-security-config/3.0.5.RELEASE/spring-security-config-3.0.5.RELEASE.jar:/home/user/.m2/repository/org/springframework/security/spring-security-core/3.0.5.RELEASE/spring-security-core-3.0.5.RELEASE.jar:/home/user/.m2/repository/org/springframework/security/spring-security-taglibs/3.0.5.RELEASE/spring-security-taglibs-3.0.5.RELEASE.jar:/home/user/.m2/repository/org/springframework/security/spring-security-web/3.0.5.RELEASE/spring-security-web-3.0.5.RELEASE.jar:/home/user/.m2/repository/org/springframework/webflow/spring-js-resources/2.2.1.RELEASE/spring-js-resources-2.2.1.RELEASE.jar:/home/user/.m2/repository/postgresql/postgresql/9.0-801.jdbc3/postgresql-9.0-801.jdbc3.jar:/home/user/Dropbox/Rick/SpringModularizedGithub/another/Spring-Modularized-Project---WebGatherer/target/classes
-aspectpath
/home/user/.m2/repository/org/springframework/spring-aspects/3.1.0.RELEASE/spring-aspects-3.1.0.RELEASE.jar
-d
/home/user/Dropbox/Rick/SpringModularizedGithub/another/Spring-Modularized-Project---WebGatherer/target/classes
/home/user/Dropbox/Rick/SpringModularizedGithub/another/Spring-Modularized-Project---WebGatherer/src/main/java/com/rickdane/springmodularizedproject/web/UserController.java
/home/user/Dropbox/Rick/SpringModularizedGithub/another/Spring-Modularized-Project---WebGatherer/src/main/java/com/rickdane/springmodularizedproject/web/RoleController_Roo_Controller.aj
/home/user/Dropbox/Rick/SpringModularizedGithub/another/Spring-Modularized-Project---WebGatherer/src/main/java/com/rickdane/springmodularizedproject/module/consumabledata/domain/UrlBlockPattern_Roo_Json.aj
/home/user/Dropbox/Rick/SpringModularizedGithub/another/Spring-Modularized-Project---WebGatherer/src/main/java/com/rickdane/springmodularizedproject/module/userdata/domain/EmailTemplateCategoryController.java
/home/user/Dropbox/Rick/SpringModularizedGithub/another/Spring-Modularized-Project---WebGatherer/src/main/java/com/rickdane/springmodularizedproject/domain/User_Roo_Jpa_Entity.aj
/home/user/Dropbox/Rick/SpringModularizedGithub/another/Spring-Modularized-Project---WebGatherer/src/main/java/com/rickdane/springmodularizedproject/module/userdata/domain/EmailTemplateSubject.java
/home/user/Dropbox/Rick/SpringModularizedGithub/another/Spring-Modularized-Project---WebGatherer/src/main/java/com/rickdane/springmodularizedproject/module/userdata/domain/EmailTemplateSubject_Roo_Finder.aj
/home/user/Dropbox/Rick/SpringModularizedGithub/another/Spring-Modularized-Project---WebGatherer/src/main/java/com/rickdane/springmodularizedproject/module/consumabledata/domain/ReceivedEmail.java
/home/user/Dropbox/Rick/SpringModularizedGithub/another/Spring-Modularized-Project---WebGatherer/src/main/java/com/rickdane/springmodularizedproject/module/consumabledata/domain/Emailaddress_Roo_Jpa_ActiveRecord.aj
/home/user/Dropbox/Rick/SpringModularizedGithub/another/Spring-Modularized-Project---WebGatherer/src/main/java/com/rickdane/springmodularizedproject/module/consumabledata/domain/UrlBlockPattern_Roo_Configurable.aj
/home/user/Dropbox/Rick/SpringModularizedGithub/another/Spring-Modularized-Project---WebGatherer/src/main/java/com/rickdane/springmodularizedproject/module/consumabledata/domain/CampaignEmailScrapeOptions.java
/home/user/Dropbox/Rick/SpringModularizedGithub/another/Spring-Modularized-Project---WebGatherer/src/main/java/com/rickdane/springmodularizedproject/module/consumabledata/domain/UrlStatus.java
/home/user/Dropbox/Rick/SpringModularizedGithub/another/Spring-Modularized-Project---WebGatherer/src/main/java/com/rickdane/springmodularizedproject/domain/UserRole_Roo_Json.aj
/home/user/Dropbox/Rick/SpringModularizedGithub/another/Spring-Modularized-Project---WebGatherer/src/main/java/com/rickdane/springmodularizedproject/domain/User.java
/home/user/Dropbox/Rick/SpringModularizedGithub/another/Spring-Modularized-Project---WebGatherer/src/main/java/com/rickdane/springmodularizedproject/domain/UserRole_Roo_ToString.aj
/home/user/Dropbox/Rick/SpringModularizedGithub/another/Spring-Modularized-Project---WebGatherer/src/main/java/com/rickdane/springmodularizedproject/web/SignUpController.java
/home/user/Dropbox/Rick/SpringModularizedGithub/another/Spring-Modularized-Project---WebGatherer/src/main/java/com/rickdane/springmodularizedproject/module/webgatherer/domain/Scraper_Roo_JavaBean.aj
/home/user/Dropbox/Rick/SpringModularizedGithub/another/Spring-Modularized-Project---WebGatherer/src/main/java/com/rickdane/springmodularizedproject/module/consumabledata/domain/UrlBlockPattern.java
/home/user/Dropbox/Rick/SpringModularizedGithub/another/Spring-Modularized-Project---WebGatherer/src/main/java/com/rickdane/springmodularizedproject/module/webgatherer/web/WebGathererJobController.java
/home/user/Dropbox/Rick/SpringModularizedGithub/another/Spring-Modularized-Project---WebGatherer/src/main/java/com/rickdane/springmodularizedproject/module/userdata/domain/EmailTemplateSubject_Roo_Configurable.aj
/home/user/Dropbox/Rick/SpringModularizedGithub/another/Spring-Modularized-Project---WebGatherer/src/main/java/com/rickdane/springmodularizedproject/module/consumabledata/domain/Url.java
/home/user/Dropbox/Rick/SpringModularizedGithub/another/Spring-Modularized-Project---WebGatherer/src/main/java/com/rickdane/springmodularizedproject/module/webgatherer/domain/Scraper_Roo_Json.aj
/home/user/Dropbox/Rick/SpringModularizedGithub/another/Spring-Modularized-Project---WebGatherer/src/main/java/com/rickdane/springmodularizedproject/module/consumabledata/domain/Campaign_Roo_Configurable.aj
/home/user/Dropbox/Rick/SpringModularizedGithub/another/Spring-Modularized-Project---WebGatherer/src/main/java/com/rickdane/springmodularizedproject/module/consumabledata/domain/Campaign_Roo_JavaBean.aj
/home/user/Dropbox/Rick/SpringModularizedGithub/another/Spring-Modularized-Project---WebGatherer/src/main/java/com/rickdane/springmodularizedproject/domain/UserRole.java
/home/user/Dropbox/Rick/SpringModularizedGithub/another/Spring-Modularized-Project---WebGatherer/src/main/java/com/rickdane/springmodularizedproject/module/consumabledata/domain/Website_Roo_ToString.aj
/home/user/Dropbox/Rick/SpringModularizedGithub/another/Spring-Modularized-Project---WebGatherer/src/main/java/com/rickdane/springmodularizedproject/domain/UserRole_Roo_Jpa_ActiveRecord.aj
/home/user/Dropbox/Rick/SpringModularizedGithub/another/Spring-Modularized-Project---WebGatherer/src/main/java/com/rickdane/springmodularizedproject/module/consumabledata/web/EmailaddressController_Roo_Controller_Json.aj
/home/user/Dropbox/Rick/SpringModularizedGithub/another/Spring-Modularized-Project---WebGatherer/src/main/java/com/rickdane/springmodularizedproject/module/consumabledata/domain/Url_Roo_Configurable.aj
/home/user/Dropbox/Rick/SpringModularizedGithub/another/Spring-Modularized-Project---WebGatherer/src/main/java/com/rickdane/springmodularizedproject/module/webgatherer/web/RawscrapeddataController_Roo_Controller.aj
/home/user/Dropbox/Rick/SpringModularizedGithub/another/Spring-Modularized-Project---WebGatherer/src/main/java/com/rickdane/springmodularizedproject/api/transport/TransportBase_Roo_Json.aj
/home/user/Dropbox/Rick/SpringModularizedGithub/another/Spring-Modularized-Project---WebGatherer/src/main/java/com/rickdane/springmodularizedproject/module/userdata/domain/EmailTemplateBodyController.java
/home/user/Dropbox/Rick/SpringModularizedGithub/another/Spring-Modularized-Project---WebGatherer/src/main/java/com/rickdane/springmodularizedproject/module/consumabledata/domain/Website_Roo_JavaBean.aj
/home/user/Dropbox/Rick/SpringModularizedGithub/another/Spring-Modularized-Project---WebGatherer/src/main/java/com/rickdane/springmodularizedproject/module/userdata/domain/EmailTemplateSubject_Roo_JavaBean.aj
/home/user/Dropbox/Rick/SpringModularizedGithub/another/Spring-Modularized-Project---WebGatherer/src/main/java/com/rickdane/springmodularizedproject/module/consumabledata/web/WebsiteController_Roo_Controller_Json.aj
/home/user/Dropbox/Rick/SpringModularizedGithub/another/Spring-Modularized-Project---WebGatherer/src/main/java/com/rickdane/springmodularizedproject/module/consumabledata/domain/Url_Roo_Jpa_ActiveRecord.aj
/home/user/Dropbox/Rick/SpringModularizedGithub/another/Spring-Modularized-Project---WebGatherer/src/main/java/com/rickdane/springmodularizedproject/module/consumabledata/domain/ReceivedEmail_Roo_ToString.aj
/home/user/Dropbox/Rick/SpringModularizedGithub/another/Spring-Modularized-Project---WebGatherer/src/main/java/com/rickdane/springmodularizedproject/module/consumabledata/domain/Datarecord_Roo_JavaBean.aj
/home/user/Dropbox/Rick/SpringModularizedGithub/another/Spring-Modularized-Project---WebGatherer/src/main/java/com/rickdane/springmodularizedproject/module/userdata/domain/EmailTemplateBody.java
/home/user/Dropbox/Rick/SpringModularizedGithub/another/Spring-Modularized-Project---WebGatherer/src/main/java/common/ApplicationConversionServiceFactoryBean.java
/home/user/Dropbox/Rick/SpringModularizedGithub/another/Spring-Modularized-Project---WebGatherer/src/main/java/com/rickdane/springmodularizedproject/module/webgatherer/domain/Rawscrapeddata_Roo_Finder.aj
/home/user/Dropbox/Rick/SpringModularizedGithub/another/Spring-Modularized-Project---WebGatherer/src/main/java/com/rickdane/springmodularizedproject/domain/Role_Roo_ToString.aj
/home/user/Dropbox/Rick/SpringModularizedGithub/another/Spring-Modularized-Project---WebGatherer/src/main/java/com/rickdane/springmodularizedproject/module/userdata/domain/EmailTemplateSubject_Roo_Jpa_Entity.aj
/home/user/Dropbox/Rick/SpringModularizedGithub/another/Spring-Modularized-Project---WebGatherer/src/main/java/com/rickdane/springmodularizedproject/module/consumabledata/domain/Website_Roo_Jpa_ActiveRecord.aj
/home/user/Dropbox/Rick/SpringModularizedGithub/another/Spring-Modularized-Project---WebGatherer/src/main/java/com/rickdane/utility/RandomSelector.java
/home/user/Dropbox/Rick/SpringModularizedGithub/another/Spring-Modularized-Project---WebGatherer/src/main/java/com/rickdane/springmodularizedproject/module/webgatherer/domain/Rawscrapeddatamigrationstatus.java
/home/user/Dropbox/Rick/SpringModularizedGithub/another/Spring-Modularized-Project---WebGatherer/src/main/java/com/rickdane/springmodularizedproject/module/consumabledata/domain/Url_Roo_Json.aj
/home/user/Dropbox/Rick/SpringModularizedGithub/another/Spring-Modularized-Project---WebGatherer/src/main/java/com/rickdane/springmodularizedproject/api/transport/WebGathererJobJsonTransport_Roo_Json.aj
/home/user/Dropbox/Rick/SpringModularizedGithub/another/Spring-Modularized-Project---WebGatherer/src/main/java/com/rickdane/springmodularizedproject/module/userdata/domain/EmailTemplateBody_Roo_ToString.aj
/home/user/Dropbox/Rick/SpringModularizedGithub/another/Spring-Modularized-Project---WebGatherer/src/main/java/com/rickdane/springmodularizedproject/module/consumabledata/domain/UrlBlockPattern_Roo_ToString.aj
/home/user/Dropbox/Rick/SpringModularizedGithub/another/Spring-Modularized-Project---WebGatherer/src/main/java/com/rickdane/springmodularizedproject/module/userdata/domain/EmailTemplateSubject_Roo_ToString.aj
/home/user/Dropbox/Rick/SpringModularizedGithub/another/Spring-Modularized-Project---WebGatherer/src/main/java/com/rickdane/springmodularizedproject/module/userdata/domain/EmailTemplateCategory.java
/home/user/Dropbox/Rick/SpringModularizedGithub/another/Spring-Modularized-Project---WebGatherer/src/main/java/com/rickdane/springmodularizedproject/web/ForgotPasswordController.java
/home/user/Dropbox/Rick/SpringModularizedGithub/another/Spring-Modularized-Project---WebGatherer/src/main/java/com/rickdane/springmodularizedproject/module/consumabledata/domain/Website_Roo_Controller_Json.aj
/home/user/Dropbox/Rick/SpringModularizedGithub/another/Spring-Modularized-Project---WebGatherer/src/main/java/com/rickdane/springmodularizedproject/module/webgatherer/domain/Rawscrapeddata_Roo_Jpa_ActiveRecord.aj
/home/user/Dropbox/Rick/SpringModularizedGithub/another/Spring-Modularized-Project---WebGatherer/src/main/java/com/rickdane/springmodularizedproject/module/webgatherer/domain/ProcessStatus.java
/home/user/Dropbox/Rick/SpringModularizedGithub/another/Spring-Modularized-Project---WebGatherer/src/main/java/com/rickdane/springmodularizedproject/module/consumabledata/domain/EmailTransport.java
/home/user/Dropbox/Rick/SpringModularizedGithub/another/Spring-Modularized-Project---WebGatherer/src/main/java/com/rickdane/springmodularizedproject/module/consumabledata/domain/WebsiteEmailSendStatus.java
/home/user/Dropbox/Rick/SpringModularizedGithub/another/Spring-Modularized-Project---WebGatherer/src/main/java/com/rickdane/springmodularizedproject/provider/DatabaseAuthenticationProvider.java
/home/user/Dropbox/Rick/SpringModularizedGithub/another/Spring-Modularized-Project---WebGatherer/src/main/java/com/rickdane/springmodularizedproject/module/consumabledata/domain/Datarecord_Roo_Jpa_ActiveRecord.aj
/home/user/Dropbox/Rick/SpringModularizedGithub/another/Spring-Modularized-Project---WebGatherer/src/main/java/com/rickdane/springmodularizedproject/domain/User_Roo_ToString.aj
/home/user/Dropbox/Rick/SpringModularizedGithub/another/Spring-Modularized-Project---WebGatherer/src/main/java/com/rickdane/springmodularizedproject/module/consumabledata/domain/Website_Roo_Finder.aj
/home/user/Dropbox/Rick/SpringModularizedGithub/another/Spring-Modularized-Project---WebGatherer/src/main/java/com/rickdane/springmodularizedproject/web/ChangePasswordController.java
/home/user/Dropbox/Rick/SpringModularizedGithub/another/Spring-Modularized-Project---WebGatherer/src/main/java/com/rickdane/springmodularizedproject/module/consumabledata/web/WebsiteController.java
/home/user/Dropbox/Rick/SpringModularizedGithub/another/Spring-Modularized-Project---WebGatherer/src/main/java/com/rickdane/springmodularizedproject/module/consumabledata/domain/ReceivedEmail_Roo_Controller_Json.aj
/home/user/Dropbox/Rick/SpringModularizedGithub/another/Spring-Modularized-Project---WebGatherer/src/main/java/com/rickdane/springmodularizedproject/module/webgatherer/domain/RawscrapeddataEmailScrapeAttempted.java
/home/user/Dropbox/Rick/SpringModularizedGithub/another/Spring-Modularized-Project---WebGatherer/src/main/java/com/rickdane/springmodularizedproject/module/webgatherer/domain/Rawscrapeddata_Roo_Jpa_Entity.aj
/home/user/Dropbox/Rick/SpringModularizedGithub/another/Spring-Modularized-Project---WebGatherer/src/main/java/com/rickdane/springmodularizedproject/module/enhancedBrowser/web/EnhancedBrowserController.java
/home/user/Dropbox/Rick/SpringModularizedGithub/another/Spring-Modularized-Project---WebGatherer/src/main/java/com/rickdane/springmodularizedproject/module/consumabledata/domain/Emailaddress_Roo_Jpa_Entity.aj
/home/user/Dropbox/Rick/SpringModularizedGithub/another/Spring-Modularized-Project---WebGatherer/src/main/java/com/rickdane/springmodularizedproject/module/consumabledata/web/EmailaddressController_Roo_Controller.aj
/home/user/Dropbox/Rick/SpringModularizedGithub/another/Spring-Modularized-Project---WebGatherer/src/main/java/com/rickdane/springmodularizedproject/module/consumabledata/domain/Website_Roo_Jpa_Entity.aj
/home/user/Dropbox/Rick/SpringModularizedGithub/another/Spring-Modularized-Project---WebGatherer/src/main/java/com/rickdane/springmodularizedproject/module/consumabledata/domain/Url_Roo_Finder.aj
/home/user/Dropbox/Rick/SpringModularizedGithub/another/Spring-Modularized-Project---WebGatherer/src/main/java/com/rickdane/springmodularizedproject/module/consumabledata/domain/Campaign_Roo_Finder.aj
/home/user/Dropbox/Rick/SpringModularizedGithub/another/Spring-Modularized-Project---WebGatherer/src/main/java/com/rickdane/springmodularizedproject/domain/Role_Roo_Json.aj
/home/user/Dropbox/Rick/SpringModularizedGithub/another/Spring-Modularized-Project---WebGatherer/src/main/java/com/rickdane/springmodularizedproject/domain/User_Roo_JavaBean.aj
/home/user/Dropbox/Rick/SpringModularizedGithub/another/Spring-Modularized-Project---WebGatherer/src/main/java/com/rickdane/springmodularizedproject/domain/UserRole_Roo_JavaBean.aj
/home/user/Dropbox/Rick/SpringModularizedGithub/another/Spring-Modularized-Project---WebGatherer/src/main/java/com/rickdane/springmodularizedproject/domain/User_Roo_Jpa_ActiveRecord.aj
/home/user/Dropbox/Rick/SpringModularizedGithub/another/Spring-Modularized-Project---WebGatherer/src/main/java/com/rickdane/springmodularizedproject/module/consumabledata/web/DatarecordController_Roo_Controller.aj
/home/user/Dropbox/Rick/SpringModularizedGithub/another/Spring-Modularized-Project---WebGatherer/src/main/java/com/rickdane/springmodularizedproject/module/webgatherer/domain/Scraper_Roo_ToString.aj
/home/user/Dropbox/Rick/SpringModularizedGithub/another/Spring-Modularized-Project---WebGatherer/src/main/java/com/rickdane/springmodularizedproject/module/consumabledata/Domain.java
/home/user/Dropbox/Rick/SpringModularizedGithub/another/Spring-Modularized-Project---WebGatherer/src/main/java/com/rickdane/springmodularizedproject/domain/Role.java
/home/user/Dropbox/Rick/SpringModularizedGithub/another/Spring-Modularized-Project---WebGatherer/src/main/java/com/rickdane/springmodularizedproject/module/webgatherer/domain/Rawscrapeddata_Roo_Configurable.aj
/home/user/Dropbox/Rick/SpringModularizedGithub/another/Spring-Modularized-Project---WebGatherer/src/main/java/com/rickdane/springmodularizedproject/module/consumabledata/domain/Datarecord_Roo_ToString.aj
/home/user/Dropbox/Rick/SpringModularizedGithub/another/Spring-Modularized-Project---WebGatherer/src/main/java/com/rickdane/springmodularizedproject/module/userdata/domain/SessionValues.java
/home/user/Dropbox/Rick/SpringModularizedGithub/another/Spring-Modularized-Project---WebGatherer/src/main/java/com/rickdane/springmodularizedproject/module/consumabledata/domain/Website.java
/home/user/Dropbox/Rick/SpringModularizedGithub/another/Spring-Modularized-Project---WebGatherer/src/main/java/com/rickdane/springmodularizedproject/module/consumabledata/domain/Emailaddress_Roo_Configurable.aj
/home/user/Dropbox/Rick/SpringModularizedGithub/another/Spring-Modularized-Project---WebGatherer/src/main/java/com/rickdane/springmodularizedproject/domain/Role_Roo_Jpa_ActiveRecord.aj
/home/user/Dropbox/Rick/SpringModularizedGithub/another/Spring-Modularized-Project---WebGatherer/src/main/java/com/rickdane/springmodularizedproject/module/consumabledata/web/CampaignController.java
/home/user/Dropbox/Rick/SpringModularizedGithub/another/Spring-Modularized-Project---WebGatherer/src/main/java/com/rickdane/springmodularizedproject/module/consumabledata/domain/Campaign_Roo_ToString.aj
/home/user/Dropbox/Rick/SpringModularizedGithub/another/Spring-Modularized-Project---WebGatherer/src/main/java/com/rickdane/springmodularizedproject/module/userdata/domain/EmailTemplateBody_Roo_Jpa_Entity.aj
/home/user/Dropbox/Rick/SpringModularizedGithub/another/Spring-Modularized-Project---WebGatherer/src/main/java/com/rickdane/springmodularizedproject/web/ChangePasswordValidator.java
/home/user/Dropbox/Rick/SpringModularizedGithub/another/Spring-Modularized-Project---WebGatherer/src/main/java/com/rickdane/springmodularizedproject/module/userdata/domain/EmailTemplateSubjectController.java
/home/user/Dropbox/Rick/SpringModularizedGithub/another/Spring-Modularized-Project---WebGatherer/src/main/java/com/rickdane/springmodularizedproject/module/webgatherer/domain/Scraper_Roo_Configurable.aj
/home/user/Dropbox/Rick/SpringModularizedGithub/another/Spring-Modularized-Project---WebGatherer/src/main/java/com/rickdane/springmodularizedproject/module/consumabledata/web/EmailaddressController.java
/home/user/Dropbox/Rick/SpringModularizedGithub/another/Spring-Modularized-Project---WebGatherer/src/main/java/com/rickdane/springmodularizedproject/module/consumabledata/domain/UrlBlockPattern_Roo_JavaBean.aj
/home/user/Dropbox/Rick/SpringModularizedGithub/another/Spring-Modularized-Project---WebGatherer/src/main/java/com/rickdane/springmodularizedproject/module/webgatherer/web/RawscrapeddatamigrationForm.java
/home/user/Dropbox/Rick/SpringModularizedGithub/another/Spring-Modularized-Project---WebGatherer/src/main/java/com/rickdane/springmodularizedproject/module/consumabledata/web/DatarecordController_Roo_Controller_Json.aj
/home/user/Dropbox/Rick/SpringModularizedGithub/another/Spring-Modularized-Project---WebGatherer/src/main/java/com/rickdane/springmodularizedproject/module/userdata/domain/EmailTemplateBody_Roo_Configurable.aj
/home/user/Dropbox/Rick/SpringModularizedGithub/another/Spring-Modularized-Project---WebGatherer/src/main/java/com/rickdane/springmodularizedproject/module/consumabledata/web/DatarecordController.java
/home/user/Dropbox/Rick/SpringModularizedGithub/another/Spring-Modularized-Project---WebGatherer/src/main/java/com/rickdane/springmodularizedproject/module/userdata/domain/EmailTemplateSubjectController_Roo_Controller.aj
/home/user/Dropbox/Rick/SpringModularizedGithub/another/Spring-Modularized-Project---WebGatherer/src/main/java/com/rickdane/springmodularizedproject/module/consumabledata/domain/EmailTransport_Roo_Json.aj
/home/user/Dropbox/Rick/SpringModularizedGithub/another/Spring-Modularized-Project---WebGatherer/src/main/java/com/rickdane/springmodularizedproject/domain/Role_Roo_Jpa_Entity.aj
/home/user/Dropbox/Rick/SpringModularizedGithub/another/Spring-Modularized-Project---WebGatherer/src/main/java/com/rickdane/springmodularizedproject/module/consumabledata/domain/ReceivedEmail_Roo_Jpa_Entity.aj
/home/user/Dropbox/Rick/SpringModularizedGithub/another/Spring-Modularized-Project---WebGatherer/src/main/java/com/rickdane/springmodularizedproject/web/ChangePasswordForm.java
/home/user/Dropbox/Rick/SpringModularizedGithub/another/Spring-Modularized-Project---WebGatherer/src/main/java/com/rickdane/springmodularizedproject/module/consumabledata/domain/Campaign_Roo_Jpa_Entity.aj
/home/user/Dropbox/Rick/SpringModularizedGithub/another/Spring-Modularized-Project---WebGatherer/src/main/java/com/rickdane/springmodularizedproject/domain/User_Roo_Json.aj
/home/user/Dropbox/Rick/SpringModularizedGithub/another/Spring-Modularized-Project---WebGatherer/src/main/java/com/rickdane/springmodularizedproject/module/webgatherer/domain/Scraper_Roo_Jpa_Entity.aj
/home/user/Dropbox/Rick/SpringModularizedGithub/another/Spring-Modularized-Project---WebGatherer/src/main/java/com/rickdane/springmodularizedproject/module/webgatherer/web/ScraperController_Roo_Controller.aj
/home/user/Dropbox/Rick/SpringModularizedGithub/another/Spring-Modularized-Project---WebGatherer/src/main/java/com/rickdane/springmodularizedproject/web/SignUpValidator.java
/home/user/Dropbox/Rick/SpringModularizedGithub/another/Spring-Modularized-Project---WebGatherer/src/main/java/com/rickdane/springmodularizedproject/module/consumabledata/web/ReceivedEmailController.java
/home/user/Dropbox/Rick/SpringModularizedGithub/another/Spring-Modularized-Project---WebGatherer/src/main/java/com/rickdane/springmodularizedproject/module/consumabledata/web/UrlController.java
/home/user/Dropbox/Rick/SpringModularizedGithub/another/Spring-Modularized-Project---WebGatherer/src/main/java/com/rickdane/springmodularizedproject/module/consumabledata/domain/ReceivedEmail_Roo_Configurable.aj
/home/user/Dropbox/Rick/SpringModularizedGithub/another/Spring-Modularized-Project---WebGatherer/src/main/java/com/rickdane/springmodularizedproject/module/webgatherer/domain/Rawscrapeddata_Roo_JavaBean.aj
/home/user/Dropbox/Rick/SpringModularizedGithub/another/Spring-Modularized-Project---WebGatherer/src/main/java/com/rickdane/springmodularizedproject/module/consumabledata/web/ReceivedEmailController_Roo_Controller.aj
/home/user/Dropbox/Rick/SpringModularizedGithub/another/Spring-Modularized-Project---WebGatherer/src/main/java/com/rickdane/springmodularizedproject/module/userdata/domain/EmailTemplateBody_Roo_JavaBean.aj
/home/user/Dropbox/Rick/SpringModularizedGithub/another/Spring-Modularized-Project---WebGatherer/src/main/java/com/rickdane/springmodularizedproject/domain/UserRole_Roo_Finder.aj
/home/user/Dropbox/Rick/SpringModularizedGithub/another/Spring-Modularized-Project---WebGatherer/src/main/java/com/rickdane/springmodularizedproject/module/userdata/domain/EmailTemplateCategory_Roo_JavaBean.aj
/home/user/Dropbox/Rick/SpringModularizedGithub/another/Spring-Modularized-Project---WebGatherer/src/main/java/com/rickdane/springmodularizedproject/web/UserRoleController_Roo_Controller_Json.aj
/home/user/Dropbox/Rick/SpringModularizedGithub/another/Spring-Modularized-Project---WebGatherer/src/main/java/com/rickdane/springmodularizedproject/module/userdata/domain/EmailTemplateBody_Roo_Jpa_ActiveRecord.aj
/home/user/Dropbox/Rick/SpringModularizedGithub/another/Spring-Modularized-Project---WebGatherer/src/main/java/com/rickdane/springmodularizedproject/module/consumabledata/domain/Datarecord_Roo_Jpa_Entity.aj
/home/user/Dropbox/Rick/SpringModularizedGithub/another/Spring-Modularized-Project---WebGatherer/src/main/java/com/rickdane/springmodularizedproject/module/userdata/domain/EmailTemplateStatus.java
/home/user/Dropbox/Rick/SpringModularizedGithub/another/Spring-Modularized-Project---WebGatherer/src/main/java/com/rickdane/springmodularizedproject/module/consumabledata/domain/UrlBlockPattern_Roo_Jpa_Entity.aj
/home/user/Dropbox/Rick/SpringModularizedGithub/another/Spring-Modularized-Project---WebGatherer/src/main/java/com/rickdane/springmodularizedproject/module/userdata/domain/EmailTemplateBody_Roo_Finder.aj
/home/user/Dropbox/Rick/SpringModularizedGithub/another/Spring-Modularized-Project---WebGatherer/src/main/java/com/rickdane/springmodularizedproject/module/webgatherer/web/ScraperController_Roo_Controller_Json.aj
/home/user/Dropbox/Rick/SpringModularizedGithub/another/Spring-Modularized-Project---WebGatherer/src/main/java/com/rickdane/springmodularizedproject/module/consumabledata/domain/Datarecord_Roo_Json.aj
/home/user/Dropbox/Rick/SpringModularizedGithub/another/Spring-Modularized-Project---WebGatherer/src/main/java/com/rickdane/springmodularizedproject/module/consumabledata/domain/Url_Roo_JavaBean.aj
/home/user/Dropbox/Rick/SpringModularizedGithub/another/Spring-Modularized-Project---WebGatherer/src/main/java/com/rickdane/springmodularizedproject/web/RoleController.java
/home/user/Dropbox/Rick/SpringModularizedGithub/another/Spring-Modularized-Project---WebGatherer/src/main/java/com/rickdane/springmodularizedproject/domain/Role_Roo_JavaBean.aj
/home/user/Dropbox/Rick/SpringModularizedGithub/another/Spring-Modularized-Project---WebGatherer/src/main/java/com/rickdane/springmodularizedproject/module/consumabledata/domain/Url_Roo_ToString.aj
/home/user/Dropbox/Rick/SpringModularizedGithub/another/Spring-Modularized-Project---WebGatherer/src/main/java/com/rickdane/springmodularizedproject/web/UserRegistrationForm.java
/home/user/Dropbox/Rick/SpringModularizedGithub/another/Spring-Modularized-Project---WebGatherer/src/main/java/com/rickdane/springmodularizedproject/module/consumabledata/domain/Website_Roo_Configurable.aj
/home/user/Dropbox/Rick/SpringModularizedGithub/another/Spring-Modularized-Project---WebGatherer/src/main/java/com/rickdane/springmodularizedproject/module/webgatherer/web/RawscrapeddataController_Roo_Controller_Json.aj
/home/user/Dropbox/Rick/SpringModularizedGithub/another/Spring-Modularized-Project---WebGatherer/src/main/java/com/rickdane/springmodularizedproject/module/consumabledata/domain/ReceivedEmail_Roo_JavaBean.aj
/home/user/Dropbox/Rick/SpringModularizedGithub/another/Spring-Modularized-Project---WebGatherer/src/main/java/com/rickdane/springmodularizedproject/module/webgatherer/domain/Rawscrapeddata.java
/home/user/Dropbox/Rick/SpringModularizedGithub/another/Spring-Modularized-Project---WebGatherer/src/main/java/com/rickdane/springmodularizedproject/api/transport/WebGathererJobJsonTransport.java
/home/user/Dropbox/Rick/SpringModularizedGithub/another/Spring-Modularized-Project---WebGatherer/src/main/java/com/rickdane/springmodularizedproject/module/consumabledata/web/UrlBlockPatternController_Roo_Controller.aj
/home/user/Dropbox/Rick/SpringModularizedGithub/another/Spring-Modularized-Project---WebGatherer/src/main/java/com/rickdane/springmodularizedproject/module/consumabledata/domain/ReceivedEmail_Roo_Json.aj
/home/user/Dropbox/Rick/SpringModularizedGithub/another/Spring-Modularized-Project---WebGatherer/src/main/java/com/rickdane/springmodularizedproject/module/consumabledata/domain/Emailaddress_Roo_JavaBean.aj
/home/user/Dropbox/Rick/SpringModularizedGithub/another/Spring-Modularized-Project---WebGatherer/src/main/java/com/rickdane/springmodularizedproject/domain/UserRole_Roo_Jpa_Entity.aj
/home/user/Dropbox/Rick/SpringModularizedGithub/another/Spring-Modularized-Project---WebGatherer/src/main/java/com/rickdane/springmodularizedproject/web/RoleController_Roo_Controller_Json.aj
/home/user/Dropbox/Rick/SpringModularizedGithub/another/Spring-Modularized-Project---WebGatherer/src/main/java/com/rickdane/springmodularizedproject/web/UserRoleController.java
/home/user/Dropbox/Rick/SpringModularizedGithub/another/Spring-Modularized-Project---WebGatherer/src/main/java/com/rickdane/springmodularizedproject/module/consumabledata/web/ReceivedEmailController_Roo_Controller_Json.aj
/home/user/Dropbox/Rick/SpringModularizedGithub/another/Spring-Modularized-Project---WebGatherer/src/main/java/com/rickdane/springmodularizedproject/module/consumabledata/web/WebsiteController_Roo_Controller.aj
/home/user/Dropbox/Rick/SpringModularizedGithub/another/Spring-Modularized-Project---WebGatherer/src/main/java/com/rickdane/springmodularizedproject/module/consumabledata/domain/Datarecord.java
/home/user/Dropbox/Rick/SpringModularizedGithub/another/Spring-Modularized-Project---WebGatherer/src/main/java/com/rickdane/springmodularizedproject/module/consumabledata/web/UrlBlockPatternController.java
/home/user/Dropbox/Rick/SpringModularizedGithub/another/Spring-Modularized-Project---WebGatherer/src/main/java/com/rickdane/springmodularizedproject/module/consumabledata/domain/Website_Roo_Json.aj
/home/user/Dropbox/Rick/SpringModularizedGithub/another/Spring-Modularized-Project---WebGatherer/src/main/java/com/rickdane/springmodularizedproject/module/userdata/domain/EmailTemplateSubject_Roo_Jpa_ActiveRecord.aj
/home/user/Dropbox/Rick/SpringModularizedGithub/another/Spring-Modularized-Project---WebGatherer/src/main/java/com/rickdane/springmodularizedproject/module/consumabledata/domain/Emailaddress_Roo_ToString.aj
/home/user/Dropbox/Rick/SpringModularizedGithub/another/Spring-Modularized-Project---WebGatherer/src/main/java/com/rickdane/springmodularizedproject/module/webgatherer/domain/Scraper.java
/home/user/Dropbox/Rick/SpringModularizedGithub/another/Spring-Modularized-Project---WebGatherer/src/main/java/com/rickdane/springmodularizedproject/domain/User_Roo_Configurable.aj
/home/user/Dropbox/Rick/SpringModularizedGithub/another/Spring-Modularized-Project---WebGatherer/src/main/java/com/rickdane/springmodularizedproject/module/webgatherer/domain/Rawscrapeddata_Roo_ToString.aj
/home/user/Dropbox/Rick/SpringModularizedGithub/another/Spring-Modularized-Project---WebGatherer/src/main/java/com/rickdane/springmodularizedproject/web/UserRoleController_Roo_Controller.aj
/home/user/Dropbox/Rick/SpringModularizedGithub/another/Spring-Modularized-Project---WebGatherer/src/main/java/com/rickdane/springmodularizedproject/module/webgatherer/domain/Scraper_Roo_Jpa_ActiveRecord.aj
/home/user/Dropbox/Rick/SpringModularizedGithub/another/Spring-Modularized-Project---WebGatherer/src/main/java/com/rickdane/springmodularizedproject/module/consumabledata/domain/Campaign_Roo_Jpa_ActiveRecord.aj
/home/user/Dropbox/Rick/SpringModularizedGithub/another/Spring-Modularized-Project---WebGatherer/src/main/java/com/rickdane/springmodularizedproject/module/consumabledata/domain/UrlBlockPattern_Roo_Jpa_ActiveRecord.aj
/home/user/Dropbox/Rick/SpringModularizedGithub/another/Spring-Modularized-Project---WebGatherer/src/main/java/com/rickdane/springmodularizedproject/module/consumabledata/web/CampaignController_Roo_Controller_Json.aj
/home/user/Dropbox/Rick/SpringModularizedGithub/another/Spring-Modularized-Project---WebGatherer/src/main/java/com/rickdane/springmodularizedproject/domain/User_Roo_Finder.aj
/home/user/Dropbox/Rick/SpringModularizedGithub/another/Spring-Modularized-Project---WebGatherer/src/main/java/com/rickdane/springmodularizedproject/api/transport/TransportBase.java
/home/user/Dropbox/Rick/SpringModularizedGithub/another/Spring-Modularized-Project---WebGatherer/src/main/java/com/rickdane/springmodularizedproject/module/userdata/domain/SessionManager.java
/home/user/Dropbox/Rick/SpringModularizedGithub/another/Spring-Modularized-Project---WebGatherer/src/main/java/com/rickdane/springmodularizedproject/module/consumabledata/domain/Campaign_Roo_Json.aj
/home/user/Dropbox/Rick/SpringModularizedGithub/another/Spring-Modularized-Project---WebGatherer/src/main/java/com/rickdane/springmodularizedproject/module/consumabledata/domain/Emailaddress.java
/home/user/Dropbox/Rick/SpringModularizedGithub/another/Spring-Modularized-Project---WebGatherer/src/main/java/com/rickdane/springmodularizedproject/module/webgatherer/domain/Rawscrapeddata_Roo_Json.aj
/home/user/Dropbox/Rick/SpringModularizedGithub/another/Spring-Modularized-Project---WebGatherer/src/main/java/com/rickdane/springmodularizedproject/module/consumabledata/web/CampaignController_Roo_Controller.aj
/home/user/Dropbox/Rick/SpringModularizedGithub/another/Spring-Modularized-Project---WebGatherer/src/main/java/com/rickdane/springmodularizedproject/module/consumabledata/domain/CampaignType.java
/home/user/Dropbox/Rick/SpringModularizedGithub/another/Spring-Modularized-Project---WebGatherer/src/main/java/com/rickdane/springmodularizedproject/web/UserController_Roo_Controller.aj
/home/user/Dropbox/Rick/SpringModularizedGithub/another/Spring-Modularized-Project---WebGatherer/src/main/java/com/rickdane/springmodularizedproject/module/consumabledata/domain/Datarecord_Roo_Configurable.aj
/home/user/Dropbox/Rick/SpringModularizedGithub/another/Spring-Modularized-Project---WebGatherer/src/main/java/com/rickdane/springmodularizedproject/domain/Role_Roo_Configurable.aj
/home/user/Dropbox/Rick/SpringModularizedGithub/another/Spring-Modularized-Project---WebGatherer/src/main/java/com/rickdane/springmodularizedproject/module/consumabledata/domain/Url_Roo_Jpa_Entity.aj
/home/user/Dropbox/Rick/SpringModularizedGithub/another/Spring-Modularized-Project---WebGatherer/src/main/java/com/rickdane/springmodularizedproject/module/consumabledata/domain/Emailaddress_Roo_Json.aj
/home/user/Dropbox/Rick/SpringModularizedGithub/another/Spring-Modularized-Project---WebGatherer/src/main/java/com/rickdane/springmodularizedproject/module/consumabledata/domain/WebsiteType.java
/home/user/Dropbox/Rick/SpringModularizedGithub/another/Spring-Modularized-Project---WebGatherer/src/main/java/com/rickdane/springmodularizedproject/api/transport/TransportBase_Roo_ToString.aj
/home/user/Dropbox/Rick/SpringModularizedGithub/another/Spring-Modularized-Project---WebGatherer/src/main/java/com/rickdane/springmodularizedproject/module/userdata/domain/EmailTemplateBodyController_Roo_Controller.aj
/home/user/Dropbox/Rick/SpringModularizedGithub/another/Spring-Modularized-Project---WebGatherer/src/main/java/com/rickdane/springmodularizedproject/module/consumabledata/domain/Emailaddress_Roo_Finder.aj
/home/user/Dropbox/Rick/SpringModularizedGithub/another/Spring-Modularized-Project---WebGatherer/src/main/java/com/rickdane/springmodularizedproject/module/consumabledata/domain/UrlBlockPattern_Roo_Finder.aj
/home/user/Dropbox/Rick/SpringModularizedGithub/another/Spring-Modularized-Project---WebGatherer/src/main/java/com/rickdane/springmodularizedproject/module/consumabledata/domain/ReceivedEmail_Roo_Jpa_ActiveRecord.aj
/home/user/Dropbox/Rick/SpringModularizedGithub/another/Spring-Modularized-Project---WebGatherer/src/main/java/com/rickdane/springmodularizedproject/module/userdata/domain/EmailTemplateCategoryController_Roo_Controller.aj
/home/user/Dropbox/Rick/SpringModularizedGithub/another/Spring-Modularized-Project---WebGatherer/src/main/java/com/rickdane/springmodularizedproject/module/userdata/domain/EmailTemplateCategory_Roo_Configurable.aj
/home/user/Dropbox/Rick/SpringModularizedGithub/another/Spring-Modularized-Project---WebGatherer/src/main/java/com/rickdane/springmodularizedproject/module/userdata/domain/EmailTemplateCategory_Roo_ToString.aj
/home/user/Dropbox/Rick/SpringModularizedGithub/another/Spring-Modularized-Project---WebGatherer/src/main/java/com/rickdane/springmodularizedproject/module/userdata/domain/EmailTemplateCategory_Roo_Jpa_ActiveRecord.aj
/home/user/Dropbox/Rick/SpringModularizedGithub/another/Spring-Modularized-Project---WebGatherer/src/main/java/com/rickdane/springmodularizedproject/web/ForgotPasswordForm.java
/home/user/Dropbox/Rick/SpringModularizedGithub/another/Spring-Modularized-Project---WebGatherer/src/main/java/common/ApplicationConversionServiceFactoryBean_Roo_ConversionService.aj
/home/user/Dropbox/Rick/SpringModularizedGithub/another/Spring-Modularized-Project---WebGatherer/src/main/java/com/rickdane/springmodularizedproject/module/consumabledata/domain/UrlType.java
/home/user/Dropbox/Rick/SpringModularizedGithub/another/Spring-Modularized-Project---WebGatherer/src/main/java/com/rickdane/springmodularizedproject/module/webgatherer/domain/Scraper_Roo_Finder.aj
/home/user/Dropbox/Rick/SpringModularizedGithub/another/Spring-Modularized-Project---WebGatherer/src/main/java/com/rickdane/springmodularizedproject/module/webgatherer/web/RawscrapeddataController.java
/home/user/Dropbox/Rick/SpringModularizedGithub/another/Spring-Modularized-Project---WebGatherer/src/main/java/com/rickdane/springmodularizedproject/module/consumabledata/web/UrlController_Roo_Controller.aj
/home/user/Dropbox/Rick/SpringModularizedGithub/another/Spring-Modularized-Project---WebGatherer/src/main/java/com/rickdane/springmodularizedproject/domain/UserRole_Roo_Configurable.aj
/home/user/Dropbox/Rick/SpringModularizedGithub/another/Spring-Modularized-Project---WebGatherer/src/main/java/com/rickdane/springmodularizedproject/module/userdata/domain/EmailTemplateCategory_Roo_Jpa_Entity.aj
/home/user/Dropbox/Rick/SpringModularizedGithub/another/Spring-Modularized-Project---WebGatherer/src/main/java/com/rickdane/springmodularizedproject/module/userdata/web/SessionValueController.java
/home/user/Dropbox/Rick/SpringModularizedGithub/another/Spring-Modularized-Project---WebGatherer/src/main/java/com/rickdane/springmodularizedproject/module/webgatherer/web/ScraperController.java
/home/user/Dropbox/Rick/SpringModularizedGithub/another/Spring-Modularized-Project---WebGatherer/src/main/java/com/rickdane/springmodularizedproject/module/consumabledata/domain/Campaign.java
/home/user/Dropbox/Rick/SpringModularizedGithub/another/Spring-Modularized-Project---WebGatherer/src/main/java/com/rickdane/springmodularizedproject/web/UserController_Roo_Controller_Json.aj
/home/user/Dropbox/Rick/SpringModularizedGithub/another/Spring-Modularized-Project---WebGatherer/src/main/java/com/rickdane/springmodularizedproject/module/consumabledata/domain/ActiveStatus.java
